<?xml version="1.0" encoding="UTF-8"?>
<testng-results ignored="0" total="2" passed="2" failed="0" skipped="0">
  <reporter-output>
  </reporter-output>
  <suite started-at="2023-05-05T17:33:56 IST" name="Suite" finished-at="2023-05-05T17:34:18 IST" duration-ms="22014">
    <groups>
    </groups>
    <test started-at="2023-05-05T17:33:56 IST" name="Test" finished-at="2023-05-05T17:34:18 IST" duration-ms="22014">
      <class name="TestCases.VerifySignup">
        <test-method is-config="true" signature="launchBrowzer()[pri:0, instance:TestCases.VerifySignup@3bb9a3ff]" started-at="2023-05-05T17:34:05 IST" name="launchBrowzer" finished-at="2023-05-05T17:34:09 IST" duration-ms="4140" status="PASS">
          <reporter-output>
          </reporter-output>
        </test-method> <!-- launchBrowzer -->
        <test-method signature="signup()[pri:0, instance:TestCases.VerifySignup@3bb9a3ff]" started-at="2023-05-05T17:34:09 IST" name="signup" finished-at="2023-05-05T17:34:18 IST" duration-ms="8622" status="PASS">
          <reporter-output>
          </reporter-output>
        </test-method> <!-- signup -->
        <test-method is-config="true" signature="QuitBrowzer()[pri:0, instance:TestCases.VerifySignup@3bb9a3ff]" started-at="2023-05-05T17:34:18 IST" name="QuitBrowzer" finished-at="2023-05-05T17:34:18 IST" duration-ms="365" status="PASS">
          <reporter-output>
          </reporter-output>
        </test-method> <!-- QuitBrowzer -->
      </class> <!-- TestCases.VerifySignup -->
      <class name="TestCases.VerifyLogin">
        <test-method is-config="true" signature="launchBrowzer()[pri:0, instance:TestCases.VerifyLogin@7722c3c3]" started-at="2023-05-05T17:33:56 IST" name="launchBrowzer" finished-at="2023-05-05T17:34:04 IST" duration-ms="7594" status="PASS">
          <reporter-output>
          </reporter-output>
        </test-method> <!-- launchBrowzer -->
        <test-method signature="InvalidLogin()[pri:0, instance:TestCases.VerifyLogin@7722c3c3]" started-at="2023-05-05T17:34:04 IST" name="InvalidLogin" finished-at="2023-05-05T17:34:05 IST" duration-ms="894" status="PASS">
          <reporter-output>
          </reporter-output>
        </test-method> <!-- InvalidLogin -->
        <test-method is-config="true" signature="QuitBrowzer()[pri:0, instance:TestCases.VerifyLogin@7722c3c3]" started-at="2023-05-05T17:34:05 IST" name="QuitBrowzer" finished-at="2023-05-05T17:34:05 IST" duration-ms="345" status="PASS">
          <reporter-output>
          </reporter-output>
        </test-method> <!-- QuitBrowzer -->
      </class> <!-- TestCases.VerifyLogin -->
    </test> <!-- Test -->
  </suite> <!-- Suite -->
</testng-results>
